
Running Gradle task 'assembleDebug'...                          

FAILURE: Build failed with an exception.

* What went wrong:
Execution failed for task ':app:compileDebugJavaWithJavac'.
> Could not resolve all files for configuration ':app:androidJdkImage'.
   > Failed to transform core-for-system-modules.jar to match attributes {artifactType=_internal_android_jdk_image, org.gradle.libraryelements=jar, org.gradle.usage=java-runtime}.
      > Execution failed for JdkImageTransform: C:\Users\Admin\AppData\Local\Android\Sdk\platforms\android-33\core-for-system-modules.jar.
         > Error while executing process C:\Program Files\Android\Android Studio\jbr\bin\jlink.exe with arguments {--module-path C:\Users\Admin\.gradle\caches\transforms-3\1c561b7c662d2edd2c8f0d44cd3a9ad2\transformed\output\temp\jmod --add-modules java.base --output C:\Users\Admin\.gradle\caches\transforms-3\1c561b7c662d2edd2c8f0d44cd3a9ad2\transformed\output\jdkImage --disable-plugin system-modules}

* Try:
> Run with --stacktrace option to get the stack trace.
> Run with --info or --debug option to get more log output.
> Run with --scan to get full insights.
> Get more help at https://help.gradle.org.

BUILD FAILED in 1m 49s
Running Gradle task 'assembleDebug'...                            110.5s
Gradle task assembleDebug failed with exit code 1
